TN:
SF:src/modules/statements/useCases/createStatement/CreateStatementUseCase.ts
FN:9,(anonymous_17)
FN:10,CreateStatementUseCase
FN:18,(anonymous_19)
FNF:3
FNH:0
FNDA:0,(anonymous_17)
FNDA:0,CreateStatementUseCase
FNDA:0,(anonymous_19)
DA:1,0
DA:5,0
DA:9,0
DA:12,0
DA:15,0
DA:18,0
DA:19,0
DA:21,0
DA:22,0
DA:25,0
DA:26,0
DA:28,0
DA:29,0
DA:33,0
DA:40,0
DA:42,0
LF:16
LH:0
BRDA:19,0,0,0
BRDA:19,0,1,0
BRDA:21,1,0,0
BRDA:25,2,0,0
BRDA:28,3,0,0
BRF:5
BRH:0
end_of_record
TN:
SF:src/modules/statements/useCases/getBalance/GetBalanceUseCase.ts
FN:18,(anonymous_17)
FN:19,GetBalanceUseCase
FN:27,(anonymous_19)
FNF:3
FNH:0
FNDA:0,(anonymous_17)
FNDA:0,GetBalanceUseCase
FNDA:0,(anonymous_19)
DA:1,0
DA:6,0
DA:18,0
DA:21,0
DA:24,0
DA:27,0
DA:28,0
DA:30,0
DA:31,0
DA:34,0
DA:39,0
DA:41,0
LF:12
LH:0
BRDA:28,0,0,0
BRDA:30,1,0,0
BRF:2
BRH:0
end_of_record
TN:
SF:src/modules/statements/useCases/getStatementOperation/GetStatementOperationUseCase.ts
FN:13,(anonymous_17)
FN:14,GetStatementOperationUseCase
FN:22,(anonymous_19)
FNF:3
FNH:0
FNDA:0,(anonymous_17)
FNDA:0,GetStatementOperationUseCase
FNDA:0,(anonymous_19)
DA:1,0
DA:5,0
DA:13,0
DA:16,0
DA:19,0
DA:22,0
DA:23,0
DA:25,0
DA:26,0
DA:29,0
DA:32,0
DA:33,0
DA:36,0
DA:38,0
LF:14
LH:0
BRDA:23,0,0,0
BRDA:25,1,0,0
BRDA:32,2,0,0
BRF:3
BRH:0
end_of_record
TN:
SF:src/modules/users/useCases/authenticateUser/AuthenticateUserUseCase.ts
FN:17,(anonymous_18)
FN:18,AuthenticateUserUseCase
FN:23,(anonymous_20)
FNF:3
FNH:3
FNDA:1,(anonymous_18)
FNDA:3,AuthenticateUserUseCase
FNDA:3,(anonymous_20)
DA:1,1
DA:2,1
DA:3,1
DA:5,1
DA:9,1
DA:17,1
DA:20,3
DA:23,1
DA:24,3
DA:25,3
DA:27,3
DA:29,3
DA:30,1
DA:33,2
DA:35,2
DA:36,1
DA:39,1
DA:41,1
DA:46,1
DA:55,1
LF:20
LH:20
BRDA:27,0,0,3
BRDA:29,1,0,1
BRDA:35,2,0,1
BRF:3
BRH:3
end_of_record
TN:
SF:src/modules/users/useCases/createUser/CreateUserUseCase.ts
FN:10,(anonymous_17)
FN:11,CreateUserUseCase
FN:16,(anonymous_19)
FNF:3
FNH:3
FNDA:3,(anonymous_17)
FNDA:7,CreateUserUseCase
FNDA:6,(anonymous_19)
DA:1,3
DA:2,3
DA:4,3
DA:10,3
DA:13,7
DA:16,6
DA:17,6
DA:19,6
DA:20,1
DA:23,5
DA:25,5
DA:31,5
DA:33,3
LF:13
LH:13
BRDA:17,0,0,6
BRDA:19,1,0,1
BRF:2
BRH:2
end_of_record
TN:
SF:src/modules/users/useCases/showUserProfile/ShowUserProfileUseCase.ts
FN:7,(anonymous_17)
FN:8,ShowUserProfileUseCase
FN:13,(anonymous_19)
FNF:3
FNH:3
FNDA:1,(anonymous_17)
FNDA:2,ShowUserProfileUseCase
FNDA:2,(anonymous_19)
DA:1,1
DA:4,1
DA:7,1
DA:10,2
DA:13,1
DA:14,2
DA:16,2
DA:17,1
DA:20,1
DA:22,1
LF:10
LH:10
BRDA:14,0,0,2
BRDA:16,1,0,1
BRF:2
BRH:2
end_of_record
